<?xml version="1.0" encoding="UTF-8"?>
<testsuite xmlns:xsi="http://www.w3.org/2001/XMLSchema-instance" xsi:noNamespaceSchemaLocation="https://maven.apache.org/surefire/maven-surefire-plugin/xsd/surefire-test-report-3.0.xsd" version="3.0" name="fr.myresume.controllerTest.HomeControllerTest" time="0.483" tests="1" errors="0" skipped="0" failures="0">
  <properties>
[...]
</properties>
  <testcase name="resumeTestHappyFlow" classname="fr.myresume.controllerTest.HomeControllerTest" time="0.438">
    <system-err><![CDATA[nov. 04, 2024 6:30:08 PM org.springframework.mock.web.MockServletContext log
INFOS: Initializing Spring TestDispatcherServlet ''
nov. 04, 2024 6:30:08 PM org.springframework.web.servlet.FrameworkServlet initServletBean
INFOS: Initializing Servlet ''
nov. 04, 2024 6:30:08 PM org.springframework.web.servlet.FrameworkServlet initServletBean
INFOS: Completed initialization in 2 ms
]]></system-err>
  </testcase>
</testsuite>